p/frame_auxiliar40.jpg 1 0 0 38 38
p/frame_auxiliar39.jpg 1 0 0 38 38
p/frame_auxiliar38.jpg 1 0 0 38 38
p/frame_auxiliar37.jpg 1 0 0 38 38
p/frame_auxiliar36.jpg 1 0 0 38 38
p/frame_auxiliar35.jpg 1 0 0 38 38
p/frame_auxiliar34.jpg 1 0 0 38 38
p/frame_auxiliar33.jpg 1 0 0 38 38
p/frame_auxiliar32.jpg 1 0 0 38 38
p/frame_auxiliar31.jpg 1 0 0 38 38
p/frame_auxiliar30.jpg 1 0 0 38 38
p/frame_auxiliar29.jpg 1 0 0 38 38
p/frame_auxiliar28.jpg 1 0 0 38 38
p/frame_auxiliar27.jpg 1 0 0 38 38
p/frame_auxiliar26.jpg 1 0 0 38 38
p/frame_auxiliar25.jpg 1 0 0 38 38
p/frame_auxiliar24.jpg 1 0 0 38 38
p/frame_auxiliar23.jpg 1 0 0 38 38
p/frame_auxiliar22.jpg 1 0 0 38 38
p/frame_auxiliar21.jpg 1 0 0 38 38
p/frame_auxiliar20.jpg 1 0 0 38 38
p/frame_auxiliar19.jpg 1 0 0 38 38
p/frame_auxiliar18.jpg 1 0 0 38 38
p/frame_auxiliar17.jpg 1 0 0 38 38
p/frame_auxiliar16.jpg 1 0 0 38 38
p/frame_auxiliar15.jpg 1 0 0 38 38
p/frame_auxiliar14.jpg 1 0 0 38 38
p/frame_auxiliar13.jpg 1 0 0 38 38
p/frame_auxiliar12.jpg 1 0 0 38 38
p/frame_auxiliar11.jpg 1 0 0 38 38
p/frame_auxiliar10.jpg 1 0 0 38 38
p/frame_auxiliar9.jpg 1 0 0 38 38
p/frame_auxiliar8.jpg 1 0 0 38 38
p/frame_auxiliar7.jpg 1 0 0 38 38
p/frame_auxiliar6.jpg 1 0 0 38 38
p/frame_auxiliar5.jpg 1 0 0 38 38
p/frame_auxiliar4.jpg 1 0 0 38 38
p/frame_auxiliar3.jpg 1 0 0 38 38
p/frame_auxiliar2.jpg 1 0 0 38 38
p/frame_auxiliar1.jpg 1 0 0 38 38